{"/Users/kelseycossifos1/Desktop/UtilityTool1/lib/util.js":{"path":"/Users/kelseycossifos1/Desktop/UtilityTool1/lib/util.js","s":{"1":1,"2":3,"3":3,"4":3,"5":3,"6":3,"7":3,"8":3,"9":3,"10":3,"11":3,"12":3,"13":3,"14":3,"15":2,"16":1,"17":1,"18":1,"19":1},"b":{"1":[2,1],"2":[1,1]},"f":{},"fnMap":{},"statementMap":{"1":{"start":{"line":1,"column":0},"end":{"line":43,"column":2}},"2":{"start":{"line":2,"column":2},"end":{"line":2,"column":35}},"3":{"start":{"line":3,"column":2},"end":{"line":3,"column":43}},"4":{"start":{"line":4,"column":2},"end":{"line":4,"column":27}},"5":{"start":{"line":5,"column":2},"end":{"line":5,"column":35}},"6":{"start":{"line":7,"column":2},"end":{"line":7,"column":37}},"7":{"start":{"line":10,"column":2},"end":{"line":10,"column":61}},"8":{"start":{"line":13,"column":2},"end":{"line":17,"column":5}},"9":{"start":{"line":20,"column":2},"end":{"line":21,"column":41}},"10":{"start":{"line":23,"column":2},"end":{"line":24,"column":45}},"11":{"start":{"line":26,"column":2},"end":{"line":26,"column":63}},"12":{"start":{"line":28,"column":2},"end":{"line":28,"column":58}},"13":{"start":{"line":31,"column":2},"end":{"line":31,"column":63}},"14":{"start":{"line":32,"column":2},"end":{"line":42,"column":3}},"15":{"start":{"line":35,"column":4},"end":{"line":41,"column":5}},"16":{"start":{"line":36,"column":6},"end":{"line":36,"column":28}},"17":{"start":{"line":37,"column":6},"end":{"line":37,"column":76}},"18":{"start":{"line":39,"column":6},"end":{"line":39,"column":27}},"19":{"start":{"line":40,"column":6},"end":{"line":40,"column":74}}},"branchMap":{"1":{"line":32,"type":"if","locations":[{"start":{"line":32,"column":2},"end":{"line":32,"column":2}},{"start":{"line":32,"column":2},"end":{"line":32,"column":2}}]},"2":{"line":35,"type":"if","locations":[{"start":{"line":35,"column":4},"end":{"line":35,"column":4}},{"start":{"line":35,"column":4},"end":{"line":35,"column":4}}]}}}}